[07:14:40] [User Authenticator #29/INFO]: UUID of player MythicSorcerer is b0df92ce-dce1-4341-9b16-c8a27f115dac
[07:14:41] [Server thread/INFO]: MythicSorcerer[/12.23.20.238:35497] logged in with entity id 38297 at (615.2162081710542, 69.0, 58.91076934602338)
[07:14:41] [Server thread/INFO]: MythicSorcerer joined the game
[07:14:47] [Server thread/INFO]: [MythicSorcerer: Changed the block at 611, 65, 44]
[07:15:15] [Server thread/INFO]: [MythicSorcerer: Changed the block at 647, 63, 61]
[07:15:20] [Server thread/INFO]: [MythicSorcerer: Set own game mode to Creative Mode]
[07:15:23] [Server thread/INFO]: [MythicSorcerer: Set own game mode to Survival Mode]
[07:15:49] [Server thread/INFO]: [MythicSorcerer: Set own game mode to Creative Mode]
[07:15:59] [Server thread/INFO]: [MythicSorcerer: Set own game mode to Survival Mode]
[07:16:03] [Server thread/INFO]: [MythicSorcerer: Set own game mode to Creative Mode]
[07:16:56] [Server thread/INFO]: [MythicSorcerer: Set own game mode to Survival Mode]
[07:18:59] [Server thread/INFO]: MythicSorcerer has made the advancement [Hot Stuff]
[07:24:27] [User Authenticator #30/INFO]: UUID of player Ventro_ is 95714bc2-d71f-42fa-8ae4-f5938937874e
[07:24:28] [Server thread/INFO]: Ventro_[/12.23.20.238:9324] logged in with entity id 40588 at (1635.7830904382486, -31.0, 250.5710248068333)
[07:24:28] [Server thread/INFO]: Ventro_ joined the game
[07:24:29] [Server thread/INFO]: <Ventro_> yyooo
[07:24:32] [Server thread/INFO]: <MythicSorcerer> yo
[07:24:44] [Server thread/INFO]: <Ventro_> tp to me
[07:24:46] [Server thread/INFO]: <Ventro_> ur owner
[07:24:59] [Server thread/INFO]: <MythicSorcerer> i could but admin abuse
[07:25:19] [Server thread/INFO]: <Ventro_> but there is tp commnad
[07:25:24] [Server thread/INFO]: <MythicSorcerer> ik
[07:25:54] [Server thread/INFO]: <Ventro_> why cant i accpet?
[07:25:57] [Server thread/INFO]: MythicSorcerer has made the advancement [Minecraft: Trial(s) Edition]
[07:25:59] [Server thread/INFO]: <Ventro_> k
[07:26:07] [Server thread/INFO]: <Ventro_> yo
[07:26:08] [Server thread/INFO]: <Ventro_> come
[07:27:16] [Server thread/INFO]: <Ventro_> my food
[07:27:27] [Server thread/INFO]: <Ventro_> go finf a vaukt
[07:27:31] [Server thread/INFO]: <MythicSorcerer> alr
[07:27:41] [Server thread/INFO]: <Ventro_> also be carfu
[07:27:49] [Server thread/INFO]: <Ventro_> in staircase ther is sdripstone trap
[07:28:03] [Server thread/INFO]: <MythicSorcerer> oop found omminous valut
[07:28:08] [Server thread/INFO]: <Ventro_> W
[07:28:43] [Server thread/INFO]: MythicSorcerer has made the advancement [Diamonds!]
[07:28:46] [Server thread/INFO]: <Ventro_> W
[07:29:09] [Server thread/INFO]: MythicSorcerer has made the advancement [Under Lock and Key]
[07:29:50] [Server thread/INFO]: <Ventro_> wait
[07:29:59] [Server thread/INFO]: <MythicSorcerer> ?
[07:30:00] [Server thread/INFO]: <Ventro_> waiting for rught spin
[07:30:05] [Server thread/INFO]: <MythicSorcerer> does that work?
[07:30:07] [Server thread/INFO]: <Ventro_> yes
[07:30:25] [Server thread/INFO]: Ventro_ has made the advancement [Under Lock and Key]
[07:30:29] [Server thread/INFO]: <Ventro_> see
[07:30:38] [Server thread/INFO]: <Ventro_> i got amooos poton becuase of that
[07:31:03] [Server thread/INFO]: <Ventro_> also wuts the combat timer
[07:31:07] [Server thread/INFO]: <Ventro_> make it 30 seconds
[07:31:10] [Server thread/INFO]: <Ventro_> so no cheating
[07:33:55] [Server thread/INFO]: [MythicSorcerer: Set own game mode to Creative Mode]
[07:34:03] [Server thread/INFO]: [MythicSorcerer: Set own game mode to Survival Mode]
[07:34:29] [Server thread/INFO]: MythicSorcerer has made the advancement [Cover Me with Diamonds]
[07:34:32] [Server thread/INFO]: <Ventro_> W
[07:35:25] [Server thread/INFO]: MythicSorcerer lost connection: Disconnected
[07:35:25] [Server thread/INFO]: MythicSorcerer left the game
[07:35:45] [Server thread/INFO]: Ventro_ has made the advancement [Who Needs Rockets?]
[07:35:56] [Server thread/INFO]: Ventro_ lost connection: Disconnected
[07:35:56] [Server thread/INFO]: Ventro_ left the game
[07:36:56] [Server thread/INFO]: Server empty for 60 seconds, pausing
[08:07:57] [User Authenticator #31/INFO]: UUID of player ElEcTrOnIc_FoOf is 1c08df7f-2dbd-42b2-8ab9-345ff2518937
[08:07:57] [Server thread/INFO]: ElEcTrOnIc_FoOf[/12.23.20.238:14609] logged in with entity id 43407 at (75.00299919336743, 68.25220334025373, -192.76889755989677)
[08:07:57] [Server thread/INFO]: ElEcTrOnIc_FoOf joined the game
[08:08:57] [Server thread/INFO]: ElEcTrOnIc_FoOf drowned
[08:12:19] [User Authenticator #32/INFO]: UUID of player whattyyuuu is 8eced167-5fbf-4967-a62b-2a48af7c4ec5
[08:12:21] [Server thread/INFO]: whattyyuuu[/12.23.20.238:43558] logged in with entity id 44689 at (177.27257050013847, 82.0, -142.0400183635805)
[08:12:21] [Server thread/INFO]: whattyyuuu joined the game
[08:12:25] [Server thread/INFO]: <ElEcTrOnIc_FoOf> yo
[08:21:32] [Server thread/INFO]: whattyyuuu lost connection: Disconnected
[08:21:32] [Server thread/INFO]: whattyyuuu left the game
[08:22:43] [Server thread/INFO]: ElEcTrOnIc_FoOf lost connection: Timed out
[08:22:43] [Server thread/INFO]: ElEcTrOnIc_FoOf left the game
[08:23:43] [Server thread/INFO]: Server empty for 60 seconds, pausing
[09:05:35] [User Authenticator #33/INFO]: UUID of player whattyyuuu is 8eced167-5fbf-4967-a62b-2a48af7c4ec5
[09:05:35] [Server thread/INFO]: whattyyuuu[/12.23.20.238:60085] logged in with entity id 47983 at (196.92461156006635, 100.0, -169.82912953849348)
[09:05:35] [Server thread/INFO]: whattyyuuu joined the game
[09:05:54] [Server thread/INFO]: whattyyuuu lost connection: Disconnected
[09:05:54] [Server thread/INFO]: whattyyuuu left the game
[09:06:09] [User Authenticator #34/INFO]: UUID of player whattyyuuu is 8eced167-5fbf-4967-a62b-2a48af7c4ec5
[09:06:10] [Server thread/INFO]: whattyyuuu[/12.23.20.238:54984] logged in with entity id 48347 at (210.30000001192093, 89.0, -144.13010045121072)
[09:06:10] [Server thread/INFO]: whattyyuuu joined the game
[09:06:22] [Server thread/INFO]: whattyyuuu lost connection: Disconnected
[09:06:22] [Server thread/INFO]: whattyyuuu left the game
[09:06:55] [User Authenticator #35/INFO]: UUID of player whattyyuuu is 8eced167-5fbf-4967-a62b-2a48af7c4ec5
[09:06:56] [Server thread/INFO]: whattyyuuu[/12.23.20.238:45064] logged in with entity id 48630 at (189.65177067270014, 94.0625, -130.8701627235274)
[09:06:56] [Server thread/INFO]: whattyyuuu joined the game
[09:07:06] [Server thread/INFO]: whattyyuuu lost connection: Disconnected
[09:07:06] [Server thread/INFO]: whattyyuuu left the game
[09:08:06] [Server thread/INFO]: Server empty for 60 seconds, pausing
[09:11:38] [User Authenticator #36/INFO]: UUID of player whattyyuuu is 8eced167-5fbf-4967-a62b-2a48af7c4ec5
[09:11:38] [Server thread/INFO]: whattyyuuu[/12.23.20.238:54305] logged in with entity id 48873 at (191.05795790808642, 94.0625, -130.88983574944817)
[09:11:38] [Server thread/INFO]: whattyyuuu joined the game
[09:14:45] [Server thread/INFO]: whattyyuuu lost connection: Disconnected
[09:14:45] [Server thread/INFO]: whattyyuuu left the game
[09:14:57] [User Authenticator #37/INFO]: UUID of player whattyyuuu is 8eced167-5fbf-4967-a62b-2a48af7c4ec5
[09:14:58] [Server thread/INFO]: whattyyuuu[/12.23.20.238:26434] logged in with entity id 50181 at (747.0944121624682, 64.0, 203.06255833258723)
[09:14:58] [Server thread/INFO]: whattyyuuu joined the game
[09:15:13] [Server thread/INFO]: whattyyuuu lost connection: Disconnected
[09:15:13] [Server thread/INFO]: whattyyuuu left the game
[09:16:02] [User Authenticator #38/INFO]: UUID of player whattyyuuu is 8eced167-5fbf-4967-a62b-2a48af7c4ec5
[09:16:03] [Server thread/INFO]: whattyyuuu[/12.23.20.238:62940] logged in with entity id 50444 at (775.2101478906582, 63.0, 204.96986889450332)
[09:16:03] [Server thread/INFO]: whattyyuuu joined the game
[09:17:29] [Server thread/INFO]: whattyyuuu lost connection: Disconnected
[09:17:29] [Server thread/INFO]: whattyyuuu left the game
[09:17:44] [User Authenticator #39/INFO]: UUID of player whattyyuuu is 8eced167-5fbf-4967-a62b-2a48af7c4ec5
[09:17:44] [Server thread/INFO]: whattyyuuu[/12.23.20.238:4508] logged in with entity id 51106 at (927.7266181156602, 74.0, 282.4821659405044)
[09:17:44] [Server thread/INFO]: whattyyuuu joined the game
[09:24:33] [Server thread/INFO]: whattyyuuu lost connection: Disconnected
[09:24:33] [Server thread/INFO]: whattyyuuu left the game
[09:25:01] [User Authenticator #40/INFO]: UUID of player whattyyuuu is 8eced167-5fbf-4967-a62b-2a48af7c4ec5
[09:25:02] [Server thread/INFO]: whattyyuuu[/12.23.20.238:46618] logged in with entity id 53132 at (1069.7424127096926, 57.0, -550.4010319603761)
[09:25:02] [Server thread/INFO]: whattyyuuu joined the game
[09:26:29] [Server thread/INFO]: whattyyuuu lost connection: Disconnected
[09:26:29] [Server thread/INFO]: whattyyuuu left the game
[09:26:42] [User Authenticator #41/INFO]: UUID of player whattyyuuu is 8eced167-5fbf-4967-a62b-2a48af7c4ec5
[09:26:43] [Server thread/INFO]: whattyyuuu[/12.23.20.238:35489] logged in with entity id 53354 at (1044.1539945761967, 63.0, -721.1612326971432)
[09:26:43] [Server thread/INFO]: whattyyuuu joined the game
[09:36:44] [Server thread/INFO]: whattyyuuu has made the advancement [Local Brewery]
[09:37:16] [Server thread/INFO]: whattyyuuu has reached the goal [Sky's the Limit]
[09:37:29] [Server thread/INFO]: [Rcon] 🔥🔥🔥
[09:39:05] [User Authenticator #42/INFO]: UUID of player MythicSorcerer is b0df92ce-dce1-4341-9b16-c8a27f115dac
[09:39:06] [Server thread/INFO]: MythicSorcerer[/12.23.20.238:15345] logged in with entity id 55131 at (1664.2978558586444, -38.0, 229.84776950433684)
[09:39:06] [Server thread/INFO]: MythicSorcerer joined the game
[09:39:10] [Server thread/INFO]: <whattyyuuu> bet
[09:39:19] [Server thread/INFO]: MythicSorcerer has made the advancement [The End?]
[09:39:19] [Server thread/INFO]: [MythicSorcerer: Teleported MythicSorcerer to whattyyuuu]
[09:39:20] [Server thread/INFO]: MythicSorcerer has made the advancement [The City at the End of the Game]
[09:39:23] [Server thread/INFO]: <whattyyuuu> BRUHHH
[09:39:30] [Server thread/INFO]: <MythicSorcerer> sorry mb
[09:39:35] [Server thread/INFO]: <MythicSorcerer> i typed wrong command
[09:39:35] [Server thread/INFO]: <whattyyuuu> HACKSSS
[09:40:29] [Server thread/INFO]: [MythicSorcerer: Teleported MythicSorcerer to 1035.932762, 82.000000, -2180.250893]
[09:40:33] [Server thread/WARN]: Can't keep up! Is the server overloaded? Running 4112ms or 82 ticks behind
[09:40:56] [Server thread/INFO]: [MythicSorcerer: Teleported MythicSorcerer to 0.500000, 100.000000, 0.500000]
[09:40:58] [Server thread/INFO]: MythicSorcerer fell from a high place
[09:41:01] [Server thread/INFO]: <whattyyuuu> bro
[09:41:12] [Server thread/INFO]: <MythicSorcerer> sorry I forgot im not on lc
[09:43:26] [Server thread/INFO]: MythicSorcerer lost connection: Disconnected
[09:43:26] [Server thread/INFO]: MythicSorcerer left the game
[09:43:35] [User Authenticator #43/INFO]: UUID of player MythicSorcerer is b0df92ce-dce1-4341-9b16-c8a27f115dac
[09:43:35] [Server thread/INFO]: MythicSorcerer[/12.23.20.238:47854] logged in with entity id 57068 at (-62.642864232161656, 63.0, 31.73646009175192)
[09:43:36] [Server thread/INFO]: MythicSorcerer joined the game
[09:43:41] [Server thread/INFO]: [Rcon: Gave 12 [Diamond] to MythicSorcerer]
[09:45:54] [Server thread/INFO]: whattyyuuu lost connection: Disconnected
[09:45:54] [Server thread/INFO]: whattyyuuu left the game
[09:45:55] [Server thread/INFO]: MythicSorcerer lost connection: Disconnected
[09:45:55] [Server thread/INFO]: MythicSorcerer left the game
[09:46:27] [User Authenticator #44/INFO]: UUID of player whattyyuuu is 8eced167-5fbf-4967-a62b-2a48af7c4ec5
[09:46:27] [Server thread/INFO]: whattyyuuu[/12.23.20.238:24752] logged in with entity id 57878 at (664.6363121121814, 114.60494944206776, -2148.914503967816)
[09:46:27] [Server thread/INFO]: whattyyuuu joined the game
[09:46:35] [Server thread/INFO]: whattyyuuu lost connection: Disconnected
[09:46:35] [Server thread/INFO]: whattyyuuu left the game
[09:47:25] [User Authenticator #45/INFO]: UUID of player whattyyuuu is 8eced167-5fbf-4967-a62b-2a48af7c4ec5
[09:47:26] [Server thread/INFO]: whattyyuuu[/12.23.20.238:21919] logged in with entity id 57988 at (664.9752994519746, 118.57795712174409, -2147.4939824453663)
[09:47:26] [Server thread/INFO]: whattyyuuu joined the game
[09:47:47] [User Authenticator #46/INFO]: UUID of player MythicSorcerer is b0df92ce-dce1-4341-9b16-c8a27f115dac
[09:47:48] [Server thread/INFO]: MythicSorcerer[/12.23.20.238:27027] logged in with entity id 58111 at (6.172534815891781, 69.0, -61.56431884427307)
[09:47:48] [Server thread/INFO]: MythicSorcerer joined the game
[09:51:50] [Server thread/INFO]: [MythicSorcerer: Gave 1 [Enchanting Table] to MythicSorcerer]
[09:51:52] [Server thread/INFO]: MythicSorcerer lost connection: Disconnected
[09:51:52] [Server thread/INFO]: MythicSorcerer left the game
[09:52:01] [User Authenticator #47/INFO]: UUID of player MythicSorcerer is b0df92ce-dce1-4341-9b16-c8a27f115dac
[09:52:02] [Server thread/INFO]: MythicSorcerer[/12.23.20.238:45474] logged in with entity id 59406 at (119.57968825191296, 83.0, -145.74254974759452)
[09:52:02] [Server thread/INFO]: MythicSorcerer joined the game
[09:52:42] [Server thread/INFO]: Locating element minecraft:stronghold took 17 ms
[09:52:45] [Server thread/INFO]: [MythicSorcerer: Changed the block at 132, 78, -122]
[09:55:34] [Server thread/INFO]: MythicSorcerer has made the advancement [We Need to Go Deeper]
[09:57:00] [Server thread/INFO]: MythicSorcerer has made the advancement [Ice Bucket Challenge]
[09:58:51] [Server thread/INFO]: MythicSorcerer was doomed to fall by Zombie
[09:59:09] [Server thread/INFO]: [MythicSorcerer: Set own game mode to Spectator Mode]
[09:59:46] [Server thread/INFO]: [MythicSorcerer: Set own game mode to Survival Mode]
[10:01:00] [Server thread/INFO]: MythicSorcerer burned to death
[10:01:15] [Server thread/INFO]: [MythicSorcerer: Set own game mode to Spectator Mode]
[10:01:37] [Server thread/INFO]: [MythicSorcerer: Set own game mode to Survival Mode]
[10:05:36] [Server thread/INFO]: [MythicSorcerer: Gave 32 [Lapis Lazuli] to MythicSorcerer]
[10:06:31] [Server thread/INFO]: [MythicSorcerer: Gave 1 [Water Bucket] to MythicSorcerer]
[10:09:00] [Server thread/INFO]: MythicSorcerer lost connection: Disconnected
[10:09:00] [Server thread/INFO]: MythicSorcerer left the game
[10:09:24] [User Authenticator #48/INFO]: UUID of player MythicSorcerer is b0df92ce-dce1-4341-9b16-c8a27f115dac
[10:09:24] [Server thread/INFO]: MythicSorcerer[/12.23.20.238:30834] logged in with entity id 65021 at (22.23278212110335, 55.0, -35.0801268946342)
[10:09:24] [Server thread/INFO]: MythicSorcerer joined the game
[10:10:02] [Server thread/INFO]: MythicSorcerer has made the advancement [Enchanter]
[10:10:10] [Server thread/INFO]: MythicSorcerer lost connection: Disconnected
[10:10:10] [Server thread/INFO]: MythicSorcerer left the game
[10:10:53] [Server thread/INFO]: whattyyuuu lost connection: Disconnected
[10:10:53] [Server thread/INFO]: whattyyuuu left the game
[10:11:53] [Server thread/INFO]: Server empty for 60 seconds, pausing
[10:58:13] [Server thread/INFO]: MCScans (/45.148.10.134:49638) lost connection: Disconnected
[12:28:43] [RCON Client /0:0:0:0:0:0:0:1 #3/INFO]: Thread RCON Client /0:0:0:0:0:0:0:1 shutting down
