[14:26:35] [main/INFO]: Loading Minecraft 1.21.8 with Fabric Loader 0.17.2
[14:26:36] [main/INFO]: Loading 65 mods:
	- antixray 1.4.10
	   \-- com_moandjiezana_toml_toml4j 0.7.2
	- architectury 17.0.8
	- banhammer 0.14.1+1.21.8
	   |-- com_mysql_mysql-connector-j 9.3.0
	   |-- org_postgresql_postgresql 42.7.7
	   |-- org_xerial_sqlite-jdbc 3.50.3.0
	   |-- placeholder-api 2.7.0+1.21.6
	   \-- sgui 1.10.0+1.21.6
	- carpet 1.4.177+v250630
	- collective 8.4
	- disconnect-packet-fix 2.0.0
	- economycraft 1.2.0
	- fabric-api 0.131.0+1.21.8
	   |-- fabric-api-base 0.5.0+cd8c0daa2c
	   |-- fabric-api-lookup-api-v1 1.6.101+946bf4c32c
	   |-- fabric-biome-api-v1 16.0.11+946bf4c32c
	   |-- fabric-block-api-v1 1.1.3+946bf4c32c
	   |-- fabric-block-view-api-v2 1.0.31+946bf4c32c
	   |-- fabric-command-api-v2 2.3.1+52fff9ec2c
	   |-- fabric-content-registries-v0 10.0.19+946bf4c32c
	   |-- fabric-convention-tags-v1 2.1.41+7f945d5b2c
	   |-- fabric-convention-tags-v2 2.15.6+eb5df52f2c
	   |-- fabric-crash-report-info-v1 0.3.15+946bf4c32c
	   |-- fabric-data-attachment-api-v1 1.8.11+946bf4c32c
	   |-- fabric-data-generation-api-v1 23.2.6+0b1ef9762c
	   |-- fabric-dimensions-v1 4.0.19+946bf4c32c
	   |-- fabric-entity-events-v1 2.1.2+c9e472732c
	   |-- fabric-events-interaction-v0 4.0.24+946bf4c32c
	   |-- fabric-game-rule-api-v1 1.0.73+c64c9c5b2c
	   |-- fabric-item-api-v1 11.5.0+02ce13f42c
	   |-- fabric-item-group-api-v1 4.2.14+c5f9bbc12c
	   |-- fabric-key-binding-api-v1 1.0.65+946bf4c32c
	   |-- fabric-lifecycle-events-v1 2.6.4+db4dfd852c
	   |-- fabric-loot-api-v2 3.0.56+3f89f5a52c
	   |-- fabric-loot-api-v3 2.0.3+946bf4c32c
	   |-- fabric-message-api-v1 6.1.2+946bf4c32c
	   |-- fabric-model-loading-api-v1 5.2.6+946bf4c32c
	   |-- fabric-networking-api-v1 5.0.2+946bf4c32c
	   |-- fabric-object-builder-api-v1 21.1.8+946bf4c32c
	   |-- fabric-particles-v1 4.1.8+946bf4c32c
	   |-- fabric-recipe-api-v1 8.1.15+946bf4c32c
	   |-- fabric-registry-sync-v0 6.1.28+946bf4c32c
	   |-- fabric-renderer-api-v1 7.0.3+208eed172c
	   |-- fabric-renderer-indigo 4.0.3+946bf4c32c
	   |-- fabric-rendering-fluids-v1 3.1.31+fa6cb72b2c
	   |-- fabric-rendering-v1 12.5.0+fbe231d52c
	   |-- fabric-resource-conditions-api-v1 5.0.25+98e6d6db2c
	   |-- fabric-resource-loader-v0 3.1.12+020423442c
	   |-- fabric-screen-api-v1 2.1.1+277ecf7d2c
	   |-- fabric-screen-handler-api-v1 1.3.137+946bf4c32c
	   |-- fabric-sound-api-v1 1.0.42+946bf4c32c
	   |-- fabric-tag-api-v1 1.2.2+946bf4c32c
	   |-- fabric-transfer-api-v1 6.0.6+946bf4c32c
	   \-- fabric-transitive-access-wideners-v1 6.4.1+ac3e15d12c
	- fabric-essentials 1.4.4+1.21.6-rc1
	   |-- common-protection-api 1.0.0
	   |-- message-api 0.3.2+1.21.5
	   |-- placeholder-api 2.7.0+1.21.6
	   |-- player-data-api 0.8.0+1.21.6
	   \-- sgui 1.10.0+1.21.6
	- fabricloader 0.17.2
	   \-- mixinextras 0.5.0
	- firstjoinmessage 3.8
	- invview 1.4.17-1.21.6+
	   \-- sgui 1.10.0+1.21.6
	- java 23
	- luckperms 5.5.10
	   \-- fabric-permissions-api-v0 0.4.1
	- minecraft 1.21.8
	- nochatreports 1.21.7-v2.14.0
	- starterkit 7.4
	- vanilla-permissions 0.2.11+1.21.7
	   \-- fabric-permissions-api-v0 0.4.1
	- worldedit 7.3.16+cbf4bd5
	   \-- worldeditcui_protocol 4.0.2
[14:26:37] [main/INFO]: SpongePowered MIXIN Subsystem Version=0.8.7 Source=file:/opt/minecraft/server/libraries/net/fabricmc/sponge-mixin/0.16.3+mixin.0.8.7/sponge-mixin-0.16.3+mixin.0.8.7.jar Service=Knot/Fabric Env=SERVER
[14:26:37] [main/INFO]: Compatibility level set to JAVA_17
[14:26:37] [main/INFO]: Compatibility level set to JAVA_21
[14:26:37] [main/WARN]: Reference map 'economycraft-common-1.2.0_1.21.8-common-refmap.json' for economycraft.mixins.json could not be read. If this is a development environment you can ignore this message
[14:26:39] [main/WARN]: [carpet] detected, disabling UPDATE mixin com.sk89q.worldedit.fabric.mixin.MixinLevelChunkSetBlockHook
[14:26:39] [main/INFO]: Initializing MixinExtras via com.llamalad7.mixinextras.service.MixinExtrasServiceImpl(version=0.5.0).
[14:26:47] [main/WARN]: Method overwrite conflict for getClimateSettings in architectury.mixins.json:BiomeAccessor from mod architectury, previously written by carpet.mixins.Biome_scarpetMixin. Skipping method.
[14:26:57] [main/INFO]: Successfully initialized antixray for fabric
[14:26:58] [main/INFO]: Loading Collective version 8.4.
[14:26:58] [main/INFO]: Disconnect Packet Fix has started.
[14:26:58] [main/INFO]: Loading essentials config
[14:27:00] [main/INFO]: Got request to register class com.sk89q.worldedit.fabric.FabricPlatform with WorldEdit [com.sk89q.worldedit.extension.platform.PlatformManager@71dd138f]
[14:27:00] [main/INFO]: WorldEdit for Fabric (version 7.3.16+cbf4bd5) is loaded
[14:27:01] [main/INFO]: Loading configuration...
[14:27:02] [main/ERROR]: Failed to store properties to file: server.properties
[14:27:02] [main/INFO]: Environment: Environment[sessionHost=https://sessionserver.mojang.com, servicesHost=https://api.minecraftservices.com, name=PROD]
[14:27:06] [Worker-Main-3/INFO]: Loaded Fabric Permissions
[14:27:06] [Worker-Main-3/INFO]: Registering commands with com.sk89q.worldedit.fabric.FabricPlatform
[14:27:07] [main/INFO]: Loaded 1407 recipes
[14:27:07] [main/INFO]: Loaded 1520 advancements
[14:27:07] [main/INFO]: Applied 0 biome modifications to 0 of 65 new biomes in 3.877 ms
[14:27:08] [Server thread/INFO]: BanHammer connected successfully to SQLite database!
[14:27:08] [Server thread/INFO]:         __    
[14:27:08] [Server thread/INFO]:   |    |__)   LuckPerms v5.5.10
[14:27:08] [Server thread/INFO]:   |___ |      Running on Fabric - fabric@0.131.0+1.21.8
[14:27:08] [Server thread/INFO]: 
[14:27:08] [Server thread/INFO]: Loading storage provider... [H2]
[14:27:09] [Server thread/INFO]: Loading internal permission managers...
[14:27:09] [Server thread/INFO]: Performing initial data load...
[14:27:09] [Server thread/INFO]: Successfully enabled. (took 1283ms)
[14:27:09] [Server thread/INFO]: Starting minecraft server version 1.21.8
[14:27:09] [Server thread/INFO]: Loading properties
[14:27:09] [Server thread/INFO]: Default game type: SURVIVAL
[14:27:09] [Server thread/INFO]: Generating keypair
[14:27:10] [Server thread/INFO]: Starting Minecraft server on *:25565
[14:27:10] [Server thread/INFO]: Using epoll channel type
[14:27:10] [Server thread/INFO]: Preparing level "world"
[14:27:12] [Server thread/INFO]: Preparing start region for dimension minecraft:overworld
[14:27:17] [Worker-Main-2/INFO]: Preparing spawn area: 0%
[14:27:17] [Worker-Main-2/INFO]: Preparing spawn area: 0%
[14:27:17] [Worker-Main-2/INFO]: Preparing spawn area: 0%
[14:27:17] [Worker-Main-2/INFO]: Preparing spawn area: 0%
[14:27:17] [Worker-Main-2/INFO]: Preparing spawn area: 0%
[14:27:17] [Worker-Main-2/INFO]: Preparing spawn area: 0%
[14:27:17] [Worker-Main-2/INFO]: Preparing spawn area: 0%
[14:27:17] [Worker-Main-2/INFO]: Preparing spawn area: 0%
[14:27:17] [Worker-Main-2/INFO]: Preparing spawn area: 0%
[14:27:17] [Worker-Main-2/INFO]: Preparing spawn area: 0%
[14:27:17] [Worker-Main-2/INFO]: Preparing spawn area: 0%
[14:27:17] [Worker-Main-2/INFO]: Preparing spawn area: 0%
[14:27:18] [Worker-Main-2/INFO]: Preparing spawn area: 0%
[14:27:18] [Worker-Main-7/INFO]: Preparing spawn area: 0%
[14:27:20] [Worker-Main-7/INFO]: Preparing spawn area: 0%
[14:27:20] [Worker-Main-7/INFO]: Preparing spawn area: 0%
[14:27:23] [Worker-Main-7/INFO]: Preparing spawn area: 0%
[14:27:23] [Worker-Main-7/INFO]: Preparing spawn area: 0%
[14:27:23] [Worker-Main-7/INFO]: Preparing spawn area: 0%
[14:27:23] [Worker-Main-7/INFO]: Preparing spawn area: 0%
[14:27:23] [Worker-Main-7/INFO]: Preparing spawn area: 0%
[14:27:23] [Worker-Main-7/INFO]: Preparing spawn area: 0%
[14:27:23] [Worker-Main-5/INFO]: Preparing spawn area: 0%
[14:27:25] [Worker-Main-4/INFO]: Preparing spawn area: 0%
[14:27:25] [Worker-Main-4/INFO]: Preparing spawn area: 0%
[14:27:25] [Worker-Main-4/INFO]: Preparing spawn area: 0%
[14:27:25] [Worker-Main-3/INFO]: Preparing spawn area: 0%
[14:27:25] [Worker-Main-3/INFO]: Preparing spawn area: 0%
[14:27:26] [Worker-Main-3/INFO]: Preparing spawn area: 0%
[14:27:26] [Worker-Main-3/INFO]: Preparing spawn area: 0%
[14:27:27] [Worker-Main-3/INFO]: Preparing spawn area: 0%
[14:27:27] [Worker-Main-4/INFO]: Preparing spawn area: 0%
[14:27:28] [Worker-Main-5/INFO]: Preparing spawn area: 0%
[14:27:28] [Worker-Main-6/INFO]: Preparing spawn area: 2%
[14:27:29] [Worker-Main-6/INFO]: Preparing spawn area: 2%
[14:27:29] [Worker-Main-1/INFO]: Preparing spawn area: 2%
[14:27:30] [Worker-Main-7/INFO]: Preparing spawn area: 2%
[14:27:30] [Worker-Main-2/INFO]: Preparing spawn area: 2%
[14:27:31] [Worker-Main-4/INFO]: Preparing spawn area: 2%
[14:27:31] [Worker-Main-4/INFO]: Preparing spawn area: 6%
[14:27:32] [Worker-Main-6/INFO]: Preparing spawn area: 18%
[14:27:32] [Worker-Main-3/INFO]: Preparing spawn area: 18%
[14:27:33] [Worker-Main-7/INFO]: Preparing spawn area: 18%
[14:27:33] [Worker-Main-6/INFO]: Preparing spawn area: 18%
[14:27:34] [Worker-Main-6/INFO]: Preparing spawn area: 18%
[14:27:34] [Worker-Main-3/INFO]: Preparing spawn area: 18%
[14:27:35] [Worker-Main-1/INFO]: Preparing spawn area: 51%
[14:27:35] [Worker-Main-4/INFO]: Preparing spawn area: 51%
[14:27:36] [Worker-Main-2/INFO]: Preparing spawn area: 51%
[14:27:36] [Worker-Main-4/INFO]: Preparing spawn area: 51%
[14:27:37] [Worker-Main-3/INFO]: Preparing spawn area: 51%
[14:27:37] [Worker-Main-4/INFO]: Preparing spawn area: 51%
[14:27:38] [Worker-Main-1/INFO]: Preparing spawn area: 51%
[14:27:38] [Server thread/INFO]: Time elapsed: 26444 ms
[14:27:38] [Server thread/INFO]: Done (28.130s)! For help, type "help"
[14:27:38] [Server thread/INFO]: Starting remote control listener
[14:27:38] [Server thread/INFO]: Thread RCON Listener started
[14:27:38] [Server thread/INFO]: RCON running on 0.0.0.0:25575
[14:28:42] [Server thread/INFO]: Server empty for 60 seconds, pausing
[14:28:50] [User Authenticator #1/INFO]: UUID of player whattyyuuu is 8eced167-5fbf-4967-a62b-2a48af7c4ec5
[14:28:52] [Server thread/INFO]: whattyyuuu[/12.23.20.238:30367] logged in with entity id 55 at (-25.5, 64.0, 11.5)
[14:28:52] [Server thread/INFO]: whattyyuuu joined the game
[14:28:53] [Server thread/INFO]: whattyyuuu has made the advancement [Suit Up]
[14:28:53] [Server thread/INFO]: whattyyuuu has made the advancement [Isn't It Iron Pick]
[14:29:18] [Server thread/WARN]: whattyyuuu moved too quickly! 7.483346800931161,1.0013359791121417,6.718054299591699
[14:29:36] [RCON Listener #1/INFO]: Thread RCON Client /0:0:0:0:0:0:0:1 started
[14:30:05] [RCON Client /0:0:0:0:0:0:0:1 #2/INFO]: Thread RCON Client /0:0:0:0:0:0:0:1 shutting down
[14:30:21] [User Authenticator #2/INFO]: UUID of player MythicSorcerer is b0df92ce-dce1-4341-9b16-c8a27f115dac
[14:30:22] [Server thread/INFO]: MythicSorcerer[/12.23.20.238:16243] logged in with entity id 788 at (-5.5, 66.0, 7.5)
[14:30:22] [Server thread/INFO]: MythicSorcerer joined the game
[14:30:23] [Server thread/INFO]: MythicSorcerer has made the advancement [Suit Up]
[14:30:23] [Server thread/INFO]: MythicSorcerer has made the advancement [Isn't It Iron Pick]
[14:30:32] [Server thread/INFO]: MythicSorcerer lost connection: Disconnected
[14:30:32] [Server thread/INFO]: MythicSorcerer left the game
[14:30:53] [Server thread/INFO]: whattyyuuu lost connection: Disconnected
[14:30:53] [Server thread/INFO]: whattyyuuu left the game
[14:31:53] [Server thread/INFO]: Server empty for 60 seconds, pausing
