[12:32:26] [main/INFO]: Loading Minecraft 1.21.8 with Fabric Loader 0.17.2
[12:32:27] [main/WARN]: Warnings were found!
 - Mod 'Forge Config API Port' (forgeconfigapiport) 21.8.1 recommends any version of modmenu, which is missing!
	 - You should install any version of modmenu for the optimal experience.
[12:32:27] [main/INFO]: Loading 92 mods:
	- anvilrestoration 2.4
	- architectury 17.0.8
	- banhammer 0.14.1+1.21.8
	   |-- com_mysql_mysql-connector-j 9.3.0
	   |-- org_postgresql_postgresql 42.7.7
	   |-- org_xerial_sqlite-jdbc 3.50.3.0
	   \-- sgui 1.10.0+1.21.6
	- betterthanmending 2.2.5
	- carpet 1.4.177+v250630
	- cobweb 1.3.3
	- collective 8.4
	- disconnect-packet-fix 2.0.0
	- economycraft 1.2.0
	- fabric-api 0.131.0+1.21.8
	   |-- fabric-api-base 0.5.0+cd8c0daa2c
	   |-- fabric-api-lookup-api-v1 1.6.101+946bf4c32c
	   |-- fabric-biome-api-v1 16.0.11+946bf4c32c
	   |-- fabric-block-api-v1 1.1.3+946bf4c32c
	   |-- fabric-block-view-api-v2 1.0.31+946bf4c32c
	   |-- fabric-command-api-v2 2.3.1+52fff9ec2c
	   |-- fabric-content-registries-v0 10.0.19+946bf4c32c
	   |-- fabric-convention-tags-v1 2.1.41+7f945d5b2c
	   |-- fabric-convention-tags-v2 2.15.6+eb5df52f2c
	   |-- fabric-crash-report-info-v1 0.3.15+946bf4c32c
	   |-- fabric-data-attachment-api-v1 1.8.11+946bf4c32c
	   |-- fabric-data-generation-api-v1 23.2.6+0b1ef9762c
	   |-- fabric-dimensions-v1 4.0.19+946bf4c32c
	   |-- fabric-entity-events-v1 2.1.2+c9e472732c
	   |-- fabric-events-interaction-v0 4.0.24+946bf4c32c
	   |-- fabric-game-rule-api-v1 1.0.73+c64c9c5b2c
	   |-- fabric-item-api-v1 11.5.0+02ce13f42c
	   |-- fabric-item-group-api-v1 4.2.14+c5f9bbc12c
	   |-- fabric-key-binding-api-v1 1.0.65+946bf4c32c
	   |-- fabric-lifecycle-events-v1 2.6.4+db4dfd852c
	   |-- fabric-loot-api-v2 3.0.56+3f89f5a52c
	   |-- fabric-loot-api-v3 2.0.3+946bf4c32c
	   |-- fabric-message-api-v1 6.1.2+946bf4c32c
	   |-- fabric-model-loading-api-v1 5.2.6+946bf4c32c
	   |-- fabric-networking-api-v1 5.0.2+946bf4c32c
	   |-- fabric-object-builder-api-v1 21.1.8+946bf4c32c
	   |-- fabric-particles-v1 4.1.8+946bf4c32c
	   |-- fabric-recipe-api-v1 8.1.15+946bf4c32c
	   |-- fabric-registry-sync-v0 6.1.28+946bf4c32c
	   |-- fabric-renderer-api-v1 7.0.3+208eed172c
	   |-- fabric-renderer-indigo 4.0.3+946bf4c32c
	   |-- fabric-rendering-fluids-v1 3.1.31+fa6cb72b2c
	   |-- fabric-rendering-v1 12.5.0+fbe231d52c
	   |-- fabric-resource-conditions-api-v1 5.0.25+98e6d6db2c
	   |-- fabric-resource-loader-v0 3.1.12+020423442c
	   |-- fabric-screen-api-v1 2.1.1+277ecf7d2c
	   |-- fabric-screen-handler-api-v1 1.3.137+946bf4c32c
	   |-- fabric-sound-api-v1 1.0.42+946bf4c32c
	   |-- fabric-tag-api-v1 1.2.2+946bf4c32c
	   |-- fabric-transfer-api-v1 6.0.6+946bf4c32c
	   \-- fabric-transitive-access-wideners-v1 6.4.1+ac3e15d12c
	- fabric-essentials 1.4.4+1.21.6-rc1
	   |-- common-protection-api 1.0.0
	   |-- message-api 0.3.2+1.21.5
	   |-- player-data-api 0.8.0+1.21.6
	   \-- sgui 1.10.0+1.21.6
	- fabric-language-kotlin 1.13.6+kotlin.2.2.20
	   |-- org_jetbrains_kotlin_kotlin-reflect 2.2.20
	   |-- org_jetbrains_kotlin_kotlin-stdlib 2.2.20
	   |-- org_jetbrains_kotlin_kotlin-stdlib-jdk7 2.2.20
	   |-- org_jetbrains_kotlin_kotlin-stdlib-jdk8 2.2.20
	   |-- org_jetbrains_kotlinx_atomicfu-jvm 0.29.0
	   |-- org_jetbrains_kotlinx_kotlinx-coroutines-core-jvm 1.10.2
	   |-- org_jetbrains_kotlinx_kotlinx-coroutines-jdk8 1.10.2
	   |-- org_jetbrains_kotlinx_kotlinx-datetime-jvm 0.7.1
	   |-- org_jetbrains_kotlinx_kotlinx-io-bytestring-jvm 0.8.0
	   |-- org_jetbrains_kotlinx_kotlinx-io-core-jvm 0.8.0
	   |-- org_jetbrains_kotlinx_kotlinx-serialization-cbor-jvm 1.9.0
	   |-- org_jetbrains_kotlinx_kotlinx-serialization-core-jvm 1.9.0
	   \-- org_jetbrains_kotlinx_kotlinx-serialization-json-jvm 1.9.0
	- fabricloader 0.17.2
	   \-- mixinextras 0.5.0
	- firstjoinmessage 3.8
	- forgeconfigapiport 21.8.1
	   |-- com_electronwill_night-config_core 3.8.3
	   \-- com_electronwill_night-config_toml 3.8.3
	- fsit 2.8.0+mc1.21.6
	- grindenchantments 4.0.1+1.21.6-rc1
	   \-- codec-config-api 3.0.2+1.21.4
	- harvest_with_ease 9.4.0
	- invview 1.4.17-1.21.6+
	   \-- sgui 1.10.0+1.21.6
	- java 23
	- lithium 0.18.0+mc1.21.8
	- luckperms 5.5.10
	   \-- fabric-permissions-api-v0 0.4.1
	- minecraft 1.21.8
	- nochatreports 1.21.7-v2.14.0
	- shulkerdropstwo 3.6
	- vanilla-permissions 0.2.11+1.21.7
	   \-- fabric-permissions-api-v0 0.4.1
	- vanish 1.6.0+1.21.8
	   |-- fabric-permissions-api-v0 0.4.1
	   |-- placeholder-api 2.7.1+1.21.6
	   |-- player-data-api 0.8.0+1.21.6
	   \-- server_translations_api 2.5.1+1.21.5
	        \-- packet_tweaker 0.6.0-pre.1+1.21.2-pre3
	- worldedit 7.3.16+cbf4bd5
	   \-- worldeditcui_protocol 4.0.2
	- youritemsaresafe 4.7
[12:32:28] [main/INFO]: SpongePowered MIXIN Subsystem Version=0.8.7 Source=file:/opt/minecraft/server/libraries/net/fabricmc/sponge-mixin/0.16.3+mixin.0.8.7/sponge-mixin-0.16.3+mixin.0.8.7.jar Service=Knot/Fabric Env=SERVER
[12:32:28] [main/INFO]: Compatibility level set to JAVA_16
[12:32:28] [main/INFO]: Compatibility level set to JAVA_17
[12:32:28] [main/INFO]: Compatibility level set to JAVA_21
[12:32:28] [main/WARN]: Reference map 'economycraft-common-1.2.0_1.21.8-common-refmap.json' for economycraft.mixins.json could not be read. If this is a development environment you can ignore this message
[12:32:28] [main/WARN]: Reference map 'forgeconfigapiport.common.refmap.json' for forgeconfigapiport.common.mixins.json could not be read. If this is a development environment you can ignore this message
[12:32:28] [main/WARN]: Reference map 'harvest_with_ease.refmap.json' for harvest_with_ease.mixins.json could not be read. If this is a development environment you can ignore this message
[12:32:28] [main/WARN]: Reference map 'harvest_with_ease.refmap.json' for harvest_with_ease.fabric.mixins.json could not be read. If this is a development environment you can ignore this message
[12:32:28] [main/INFO]: Loaded configuration file for Lithium: 160 options available, 1 override(s) found.
[12:32:31] [main/INFO]: Force-enabling mixin 'compat.worldedit.LevelChunkMixin' as rule 'mixin.compat.worldedit' (added by mods [lithium]) enables it
[12:32:31] [main/WARN]: [carpet] detected, disabling UPDATE mixin com.sk89q.worldedit.fabric.mixin.MixinLevelChunkSetBlockHook
[12:32:31] [main/INFO]: Initializing MixinExtras via com.llamalad7.mixinextras.service.MixinExtrasServiceImpl(version=0.5.0).
[12:32:46] [main/WARN]: Method overwrite conflict for getClimateSettings in architectury.mixins.json:BiomeAccessor from mod architectury, previously written by carpet.mixins.Biome_scarpetMixin. Skipping method.
[12:33:01] [main/INFO]: Loading Collective version 8.4.
[12:33:01] [main/INFO]: Disconnect Packet Fix has started.
[12:33:02] [main/INFO]: Loading essentials config
[12:33:04] [main/INFO]: Loading vanish configuration...
[12:33:06] [main/INFO]: Got request to register class com.sk89q.worldedit.fabric.FabricPlatform with WorldEdit [com.sk89q.worldedit.extension.platform.PlatformManager@791ad444]
[12:33:06] [main/INFO]: WorldEdit for Fabric (version 7.3.16+cbf4bd5) is loaded
[12:33:07] [main/INFO]: Loading configuration...
[12:33:08] [main/ERROR]: Failed to store properties to file: server.properties
[12:33:08] [main/INFO]: Environment: Environment[sessionHost=https://sessionserver.mojang.com, servicesHost=https://api.minecraftservices.com, name=PROD]
[12:33:12] [Worker-Main-3/INFO]: Loaded Fabric Permissions
[12:33:12] [Worker-Main-3/INFO]: Registering commands with com.sk89q.worldedit.fabric.FabricPlatform
[12:33:13] [main/INFO]: Loaded 1407 recipes
[12:33:13] [main/INFO]: Loaded 1520 advancements
[12:33:14] [ForkJoinPool.commonPool-worker-1/INFO]: Loaded 10 translation keys
[12:33:14] [main/INFO]: Applied 0 biome modifications to 0 of 65 new biomes in 3.716 ms
[12:33:15] [Server thread/INFO]: BanHammer connected successfully to SQLite database!
[12:33:15] [Server thread/INFO]: [Grind Enchantments] Writing default server config.
[12:33:15] [Server thread/INFO]:         __    
[12:33:15] [Server thread/INFO]:   |    |__)   LuckPerms v5.5.10
[12:33:15] [Server thread/INFO]:   |___ |      Running on Fabric - fabric@0.131.0+1.21.8
[12:33:15] [Server thread/INFO]: 
[12:33:15] [Server thread/INFO]: Loading storage provider... [H2]
[12:33:16] [Server thread/INFO]: Loading internal permission managers...
[12:33:16] [Server thread/INFO]: Performing initial data load...
[12:33:16] [Server thread/INFO]: Successfully enabled. (took 1202ms)
[12:33:16] [Server thread/INFO]: Starting minecraft server version 1.21.8
[12:33:16] [Server thread/INFO]: Loading properties
[12:33:16] [Server thread/INFO]: Default game type: SURVIVAL
[12:33:16] [Server thread/INFO]: Generating keypair
[12:33:16] [Server thread/INFO]: Starting Minecraft server on *:25565
[12:33:17] [Server thread/INFO]: Using epoll channel type
[12:33:17] [Server thread/INFO]: Preparing level "world"
[12:33:19] [Server thread/INFO]: Preparing start region for dimension minecraft:overworld
[12:33:28] [Worker-Main-5/INFO]: Preparing spawn area: 0%
[12:33:28] [Worker-Main-5/INFO]: Preparing spawn area: 0%
[12:33:28] [Worker-Main-5/INFO]: Preparing spawn area: 0%
[12:33:28] [Worker-Main-5/INFO]: Preparing spawn area: 0%
[12:33:28] [Worker-Main-5/INFO]: Preparing spawn area: 0%
[12:33:28] [Worker-Main-5/INFO]: Preparing spawn area: 0%
[12:33:28] [Worker-Main-5/INFO]: Preparing spawn area: 0%
[12:33:28] [Worker-Main-5/INFO]: Preparing spawn area: 0%
[12:33:28] [Worker-Main-5/INFO]: Preparing spawn area: 0%
[12:33:28] [Worker-Main-5/INFO]: Preparing spawn area: 0%
[12:33:28] [Worker-Main-5/INFO]: Preparing spawn area: 0%
[12:33:28] [Worker-Main-5/INFO]: Preparing spawn area: 0%
[12:33:28] [Worker-Main-5/INFO]: Preparing spawn area: 0%
[12:33:28] [Worker-Main-5/INFO]: Preparing spawn area: 0%
[12:33:28] [Worker-Main-5/INFO]: Preparing spawn area: 0%
[12:33:28] [Worker-Main-5/INFO]: Preparing spawn area: 0%
[12:33:28] [Worker-Main-5/INFO]: Preparing spawn area: 0%
[12:33:28] [Worker-Main-5/INFO]: Preparing spawn area: 0%
[12:33:28] [Worker-Main-5/INFO]: Preparing spawn area: 0%
[12:33:28] [Server thread/INFO]: Time elapsed: 9550 ms
[12:33:28] [Server thread/INFO]: Done (11.337s)! For help, type "help"
[12:33:28] [Server thread/INFO]: Starting remote control listener
[12:33:28] [Server thread/INFO]: Thread RCON Listener started
[12:33:28] [Server thread/INFO]: RCON running on 0.0.0.0:25575
